Arguments: 
  C:\Program Files\nodejs\node.exe C:\Users\yuzhe\AppData\Roaming\npm\node_modules\yarn\bin\yarn.js install --ignore-engines

PATH: 
  C:\Windows\system32;C:\Windows;C:\Windows\System32\Wbem;C:\Windows\System32\WindowsPowerShell\v1.0\;C:\Windows\System32\OpenSSH\;C:\Program Files (x86)\NVIDIA Corporation\PhysX\Common;C:\Program Files\NVIDIA Corporation\NVIDIA NvDLISR;D:\BaiduNetdiskDownload\Matlab R2020a\runtime\win64;D:\BaiduNetdiskDownload\Matlab R2020a\bin;D:\BaiduNetdiskDownload\Matlab R2020a\polyspace\bin;C:\WINDOWS\system32;C:\WINDOWS;C:\WINDOWS\System32\Wbem;C:\WINDOWS\System32\WindowsPowerShell\v1.0\;C:\WINDOWS\System32\OpenSSH\;C:\Program Files\Microsoft SQL Server\130\Tools\Binn\;D:\Git\cmd;C:\Program Files\nodejs\;D:\xiaochengxu\微信开发者工具\微信web开发者工具\dll;C:\Users\yuzhe\AppData\Local\Microsoft\WindowsApps;;D:\Microsoft VS Code\bin;C:\Users\yuzhe\AppData\Roaming\npm

Yarn version: 
  1.22.19

Node version: 
  16.17.0

Platform: 
  win32 x64

Trace: 
  Error: ENOENT: no such file or directory, copyfile 'C:\Users\yuzhe\AppData\Local\Yarn\Cache\v6\npm-isarray-1.0.0-bb935d48582cba168c06834957a54a3e07124f11-integrity\node_modules\isarray\component.json' -> 'C:\Users\yuzhe\Desktop\the world\商店项目\serve\node_modules\bl\node_modules\isarray\component.json'

npm manifest: 
  {
    "name": "shop",
    "version": "0.0.0",
    "private": true,
    "scripts": {
      "start": "node ./bin/www"
    },
    "dependencies": {
      "bluebird": "^3.5.1",
      "body-parser": "~1.18.2",
      "busboy": "^0.2.14",
      "config": "^1.28.0",
      "debug": "~2.6.9",
      "express": "^4.16.2",
      "gm": "^1.23.0",
      "je": "^1.0.2",
      "jsonwebtoken": "^7.1.9",
      "lodash": "^4.17.4",
      "log4js": "^2.4.1",
      "morgan": "~1.9.0",
      "mount-routes": "^1.0.8",
      "multer": "^1.3.0",
      "mysql": "^2.15.0",
      "node-orm": "^2.1.15",
      "node-php-password": "^0.1.2",
      "orm": "^4.0.1",
      "passport": "^0.4.0",
      "passport-http-bearer": "^1.0.1",
      "passport-local": "^1.0.0",
      "serve-favicon": "~2.4.5",
      "underscore": "^1.8.3",
      "uniqid": "^4.1.1"
    },
    "devDependencies": {
      "chai": "^4.1.2",
      "chai-http": "^3.0.0",
      "gulp": "^3.9.1",
      "mocha": "^4.0.1",
      "request": "^2.83.0"
    }
  }

yarn manifest: 
  No manifest

Lockfile: 
  No lockfile
